Arguments: 
  /usr/local/bin/node /Users/matthewchukwuemeka/.node/corepack/yarn/1.22.19/bin/yarn.js add --dev http-sever

PATH: 
  /bin:/usr/bin:/usr/local/bin:/Users/matthewchukwuemeka/.mint/bin

Yarn version: 
  1.22.19

Node version: 
  16.17.0

Platform: 
  darwin arm64

Trace: 
  Error: https://registry.yarnpkg.com/http-sever: Not found
      at Request.params.callback [as _callback] (/Users/matthewchukwuemeka/.node/corepack/yarn/1.22.19/lib/cli.js:66145:18)
      at Request.self.callback (/Users/matthewchukwuemeka/.node/corepack/yarn/1.22.19/lib/cli.js:140890:22)
      at Request.emit (node:events:513:28)
      at Request.<anonymous> (/Users/matthewchukwuemeka/.node/corepack/yarn/1.22.19/lib/cli.js:141862:10)
      at Request.emit (node:events:513:28)
      at IncomingMessage.<anonymous> (/Users/matthewchukwuemeka/.node/corepack/yarn/1.22.19/lib/cli.js:141784:12)
      at Object.onceWrapper (node:events:627:28)
      at IncomingMessage.emit (node:events:525:35)
      at endReadableNT (node:internal/streams/readable:1358:12)
      at processTicksAndRejections (node:internal/process/task_queues:83:21)

npm manifest: 
  No manifest

yarn manifest: 
  No manifest

Lockfile: 
  No lockfile
